This is pdfTeX, Version 3.14159265-2.6-1.40.16 (TeX Live 2015) (preloaded format=pdflatex 2015.11.4)  2 MAR 2016 11:27
entering extended mode
 restricted \write18 enabled.
 file:line:error style messages enabled.
 %&-line parsing enabled.
**CascadeSystem.tex
(./CascadeSystem.tex
LaTeX2e <2015/01/01>
Babel <3.9l> and hyphenation patterns for 79 languages loaded.
(/usr/local/texlive/2015/texmf-dist/tex/latex/base/article.cls
Document Class: article 2014/09/29 v1.4h Standard LaTeX document class
(/usr/local/texlive/2015/texmf-dist/tex/latex/base/size10.clo
File: size10.clo 2014/09/29 v1.4h Standard LaTeX file (size option)
)
\c@part=\count79
\c@section=\count80
\c@subsection=\count81
\c@subsubsection=\count82
\c@paragraph=\count83
\c@subparagraph=\count84
\c@figure=\count85
\c@table=\count86
\abovecaptionskip=\skip41
\belowcaptionskip=\skip42
\bibindent=\dimen102
)
(/usr/local/texlive/2015/texmf-dist/tex/latex/amsmath/amsmath.sty
Package: amsmath 2013/01/14 v2.14 AMS math features
\@mathmargin=\skip43

For additional information on amsmath, use the `?' option.
(/usr/local/texlive/2015/texmf-dist/tex/latex/amsmath/amstext.sty
Package: amstext 2000/06/29 v2.01

(/usr/local/texlive/2015/texmf-dist/tex/latex/amsmath/amsgen.sty
File: amsgen.sty 1999/11/30 v2.0
\@emptytoks=\toks14
\ex@=\dimen103
))
(/usr/local/texlive/2015/texmf-dist/tex/latex/amsmath/amsbsy.sty
Package: amsbsy 1999/11/29 v1.2d
\pmbraise@=\dimen104
)
(/usr/local/texlive/2015/texmf-dist/tex/latex/amsmath/amsopn.sty
Package: amsopn 1999/12/14 v2.01 operator names
)
\inf@bad=\count87
LaTeX Info: Redefining \frac on input line 210.
\uproot@=\count88
\leftroot@=\count89
LaTeX Info: Redefining \overline on input line 306.
\classnum@=\count90
\DOTSCASE@=\count91
LaTeX Info: Redefining \ldots on input line 378.
LaTeX Info: Redefining \dots on input line 381.
LaTeX Info: Redefining \cdots on input line 466.
\Mathstrutbox@=\box26
\strutbox@=\box27
\big@size=\dimen105
LaTeX Font Info:    Redeclaring font encoding OML on input line 566.
LaTeX Font Info:    Redeclaring font encoding OMS on input line 567.
\macc@depth=\count92
\c@MaxMatrixCols=\count93
\dotsspace@=\muskip10
\c@parentequation=\count94
\dspbrk@lvl=\count95
\tag@help=\toks15
\row@=\count96
\column@=\count97
\maxfields@=\count98
\andhelp@=\toks16
\eqnshift@=\dimen106
\alignsep@=\dimen107
\tagshift@=\dimen108
\tagwidth@=\dimen109
\totwidth@=\dimen110
\lineht@=\dimen111
\@envbody=\toks17
\multlinegap=\skip44
\multlinetaggap=\skip45
\mathdisplay@stack=\toks18
LaTeX Info: Redefining \[ on input line 2665.
LaTeX Info: Redefining \] on input line 2666.
)
(/usr/local/texlive/2015/texmf-dist/tex/latex/tools/indentfirst.sty
Package: indentfirst 1995/11/23 v1.03 Indent first paragraph (DPC)
)
(/usr/local/texlive/2015/texmf-dist/tex/latex/graphics/epsfig.sty
Package: epsfig 1999/02/16 v1.7a (e)psfig emulation (SPQR)

(/usr/local/texlive/2015/texmf-dist/tex/latex/graphics/graphicx.sty
Package: graphicx 2014/10/28 v1.0g Enhanced LaTeX Graphics (DPC,SPQR)

(/usr/local/texlive/2015/texmf-dist/tex/latex/graphics/keyval.sty
Package: keyval 2014/10/28 v1.15 key=value parser (DPC)
\KV@toks@=\toks19
)
(/usr/local/texlive/2015/texmf-dist/tex/latex/graphics/graphics.sty
Package: graphics 2014/10/28 v1.0p Standard LaTeX Graphics (DPC,SPQR)

(/usr/local/texlive/2015/texmf-dist/tex/latex/graphics/trig.sty
Package: trig 1999/03/16 v1.09 sin cos tan (DPC)
)
(/usr/local/texlive/2015/texmf-dist/tex/latex/latexconfig/graphics.cfg
File: graphics.cfg 2010/04/23 v1.9 graphics configuration of TeX Live
)
Package graphics Info: Driver file: pdftex.def on input line 94.

(/usr/local/texlive/2015/texmf-dist/tex/latex/pdftex-def/pdftex.def
File: pdftex.def 2011/05/27 v0.06d Graphics/color for pdfTeX

(/usr/local/texlive/2015/texmf-dist/tex/generic/oberdiek/infwarerr.sty
Package: infwarerr 2010/04/08 v1.3 Providing info/warning/error messages (HO)
)
(/usr/local/texlive/2015/texmf-dist/tex/generic/oberdiek/ltxcmds.sty
Package: ltxcmds 2011/11/09 v1.22 LaTeX kernel commands for general use (HO)
)
\Gread@gobject=\count99
))
\Gin@req@height=\dimen112
\Gin@req@width=\dimen113
)
\epsfxsize=\dimen114
\epsfysize=\dimen115
)
(/usr/local/texlive/2015/texmf-dist/tex/latex/base/ifthen.sty
Package: ifthen 2014/09/29 v1.1c Standard LaTeX ifthen package (DPC)
)
(/usr/local/texlive/2015/texmf-dist/tex/latex/booktabs/booktabs.sty
Package: booktabs 2005/04/14 v1.61803 publication quality tables
\heavyrulewidth=\dimen116
\lightrulewidth=\dimen117
\cmidrulewidth=\dimen118
\belowrulesep=\dimen119
\belowbottomsep=\dimen120
\aboverulesep=\dimen121
\abovetopsep=\dimen122
\cmidrulesep=\dimen123
\cmidrulekern=\dimen124
\defaultaddspace=\dimen125
\@cmidla=\count100
\@cmidlb=\count101
\@aboverulesep=\dimen126
\@belowrulesep=\dimen127
\@thisruleclass=\count102
\@lastruleclass=\count103
\@thisrulewidth=\dimen128
)
(/usr/local/texlive/2015/texmf-dist/tex/latex/graphics/color.sty
Package: color 2014/10/28 v1.1a Standard LaTeX Color (DPC)

(/usr/local/texlive/2015/texmf-dist/tex/latex/latexconfig/color.cfg
File: color.cfg 2007/01/18 v1.5 color configuration of teTeX/TeXLive
)
Package color Info: Driver file: pdftex.def on input line 142.
)
(/usr/local/texlive/2015/texmf-dist/tex/latex/hyperref/hyperref.sty
Package: hyperref 2012/11/06 v6.83m Hypertext links for LaTeX

(/usr/local/texlive/2015/texmf-dist/tex/generic/oberdiek/hobsub-hyperref.sty
Package: hobsub-hyperref 2012/05/28 v1.13 Bundle oberdiek, subset hyperref (HO)


(/usr/local/texlive/2015/texmf-dist/tex/generic/oberdiek/hobsub-generic.sty
Package: hobsub-generic 2012/05/28 v1.13 Bundle oberdiek, subset generic (HO)
Package: hobsub 2012/05/28 v1.13 Construct package bundles (HO)
Package hobsub Info: Skipping package `infwarerr' (already loaded).
Package hobsub Info: Skipping package `ltxcmds' (already loaded).
Package: ifluatex 2010/03/01 v1.3 Provides the ifluatex switch (HO)
Package ifluatex Info: LuaTeX not detected.
Package: ifvtex 2010/03/01 v1.5 Detect VTeX and its facilities (HO)
Package ifvtex Info: VTeX not detected.
Package: intcalc 2007/09/27 v1.1 Expandable calculations with integers (HO)
Package: ifpdf 2011/01/30 v2.3 Provides the ifpdf switch (HO)
Package ifpdf Info: pdfTeX in PDF mode is detected.
Package: etexcmds 2011/02/16 v1.5 Avoid name clashes with e-TeX commands (HO)
Package etexcmds Info: Could not find \expanded.
(etexcmds)             That can mean that you are not using pdfTeX 1.50 or
(etexcmds)             that some package has redefined \expanded.
(etexcmds)             In the latter case, load this package earlier.
Package: kvsetkeys 2012/04/25 v1.16 Key value parser (HO)
Package: kvdefinekeys 2011/04/07 v1.3 Define keys (HO)
Package: pdftexcmds 2011/11/29 v0.20 Utility functions of pdfTeX for LuaTeX (HO
)
Package pdftexcmds Info: LuaTeX not detected.
Package pdftexcmds Info: \pdf@primitive is available.
Package pdftexcmds Info: \pdf@ifprimitive is available.
Package pdftexcmds Info: \pdfdraftmode found.
Package: pdfescape 2011/11/25 v1.13 Implements pdfTeX's escape features (HO)
Package: bigintcalc 2012/04/08 v1.3 Expandable calculations on big integers (HO
)
Package: bitset 2011/01/30 v1.1 Handle bit-vector datatype (HO)
Package: uniquecounter 2011/01/30 v1.2 Provide unlimited unique counter (HO)
)
Package hobsub Info: Skipping package `hobsub' (already loaded).
Package: letltxmacro 2010/09/02 v1.4 Let assignment for LaTeX macros (HO)
Package: hopatch 2012/05/28 v1.2 Wrapper for package hooks (HO)
Package: xcolor-patch 2011/01/30 xcolor patch
Package: atveryend 2011/06/30 v1.8 Hooks at the very end of document (HO)
Package atveryend Info: \enddocument detected (standard20110627).
Package: atbegshi 2011/10/05 v1.16 At begin shipout hook (HO)
Package: refcount 2011/10/16 v3.4 Data extraction from label references (HO)
Package: hycolor 2011/01/30 v1.7 Color options for hyperref/bookmark (HO)
)
(/usr/local/texlive/2015/texmf-dist/tex/generic/ifxetex/ifxetex.sty
Package: ifxetex 2010/09/12 v0.6 Provides ifxetex conditional
)
(/usr/local/texlive/2015/texmf-dist/tex/latex/oberdiek/auxhook.sty
Package: auxhook 2011/03/04 v1.3 Hooks for auxiliary files (HO)
)
(/usr/local/texlive/2015/texmf-dist/tex/latex/oberdiek/kvoptions.sty
Package: kvoptions 2011/06/30 v3.11 Key value format for package options (HO)
)
\@linkdim=\dimen129
\Hy@linkcounter=\count104
\Hy@pagecounter=\count105

(/usr/local/texlive/2015/texmf-dist/tex/latex/hyperref/pd1enc.def
File: pd1enc.def 2012/11/06 v6.83m Hyperref: PDFDocEncoding definition (HO)
)
\Hy@SavedSpaceFactor=\count106

(/usr/local/texlive/2015/texmf-dist/tex/latex/latexconfig/hyperref.cfg
File: hyperref.cfg 2002/06/06 v1.2 hyperref configuration of TeXLive
)
Package hyperref Info: Option `pdfusetitle' set `true' on input line 4319.
Package hyperref Info: Option `bookmarks' set `true' on input line 4319.
Package hyperref Info: Option `bookmarksnumbered' set `true' on input line 4319
.
Package hyperref Info: Option `bookmarksopen' set `true' on input line 4319.
Package hyperref Info: Option `breaklinks' set `true' on input line 4319.
Package hyperref Info: Option `colorlinks' set `true' on input line 4319.
Package hyperref Info: Hyper figures OFF on input line 4443.
Package hyperref Info: Link nesting OFF on input line 4448.
Package hyperref Info: Hyper index ON on input line 4451.
Package hyperref Info: Plain pages OFF on input line 4458.
Package hyperref Info: Backreferencing OFF on input line 4463.
Package hyperref Info: Implicit mode ON; LaTeX internals redefined.
Package hyperref Info: Bookmarks ON on input line 4688.
\c@Hy@tempcnt=\count107

(/usr/local/texlive/2015/texmf-dist/tex/latex/url/url.sty
\Urlmuskip=\muskip11
Package: url 2013/09/16  ver 3.4  Verb mode for urls, etc.
)
LaTeX Info: Redefining \url on input line 5041.
\XeTeXLinkMargin=\dimen130
\Fld@menulength=\count108
\Field@Width=\dimen131
\Fld@charsize=\dimen132
Package hyperref Info: Hyper figures OFF on input line 6295.
Package hyperref Info: Link nesting OFF on input line 6300.
Package hyperref Info: Hyper index ON on input line 6303.
Package hyperref Info: backreferencing OFF on input line 6310.
Package hyperref Info: Link coloring ON on input line 6313.
Package hyperref Info: Link coloring with OCG OFF on input line 6320.
Package hyperref Info: PDF/A mode OFF on input line 6325.
LaTeX Info: Redefining \ref on input line 6365.
LaTeX Info: Redefining \pageref on input line 6369.
\Hy@abspage=\count109
\c@Item=\count110
\c@Hfootnote=\count111
)

Package hyperref Message: Driver (autodetected): hpdftex.

(/usr/local/texlive/2015/texmf-dist/tex/latex/hyperref/hpdftex.def
File: hpdftex.def 2012/11/06 v6.83m Hyperref driver for pdfTeX
\Fld@listcount=\count112
\c@bookmark@seq@number=\count113

(/usr/local/texlive/2015/texmf-dist/tex/latex/oberdiek/rerunfilecheck.sty
Package: rerunfilecheck 2011/04/15 v1.7 Rerun checks for auxiliary files (HO)
Package uniquecounter Info: New unique counter `rerunfilecheck' on input line 2
82.
)
\Hy@SectionHShift=\skip46
)
(/usr/local/texlive/2015/texmf-dist/tex/latex/nomencl/nomencl.sty
Package: nomencl 2005/09/22 v4.2 Nomenclature package (LN)
\nomlabelwidth=\dimen133
\nom@tempdim=\dimen134
\nomitemsep=\skip47
)
(/usr/local/texlive/2015/texmf-dist/tex/latex/oberdiek/hypcap.sty
Package: hypcap 2011/02/16 v1.11 Adjusting the anchors of captions (HO)
)
\@nomenclaturefile=\write3
\openout3 = `CascadeSystem.nlo'.


Writing nomenclature file CascadeSystem.nlo
\@indexfile=\write4
\openout4 = `CascadeSystem.idx'.

Writing index file CascadeSystem.idx
(./CascadeSystem.aux)
\openout1 = `CascadeSystem.aux'.

LaTeX Font Info:    Checking defaults for OML/cmm/m/it on input line 23.
LaTeX Font Info:    ... okay on input line 23.
LaTeX Font Info:    Checking defaults for T1/cmr/m/n on input line 23.
LaTeX Font Info:    ... okay on input line 23.
LaTeX Font Info:    Checking defaults for OT1/cmr/m/n on input line 23.
LaTeX Font Info:    ... okay on input line 23.
LaTeX Font Info:    Checking defaults for OMS/cmsy/m/n on input line 23.
LaTeX Font Info:    ... okay on input line 23.
LaTeX Font Info:    Checking defaults for OMX/cmex/m/n on input line 23.
LaTeX Font Info:    ... okay on input line 23.
LaTeX Font Info:    Checking defaults for U/cmr/m/n on input line 23.
LaTeX Font Info:    ... okay on input line 23.
LaTeX Font Info:    Checking defaults for PD1/pdf/m/n on input line 23.
LaTeX Font Info:    ... okay on input line 23.

(/usr/local/texlive/2015/texmf-dist/tex/context/base/supp-pdf.mkii
[Loading MPS to PDF converter (version 2006.09.02).]
\scratchcounter=\count114
\scratchdimen=\dimen135
\scratchbox=\box28
\nofMPsegments=\count115
\nofMParguments=\count116
\everyMPshowfont=\toks20
\MPscratchCnt=\count117
\MPscratchDim=\dimen136
\MPnumerator=\count118
\makeMPintoPDFobject=\count119
\everyMPtoPDFconversion=\toks21
) (/usr/local/texlive/2015/texmf-dist/tex/latex/oberdiek/epstopdf-base.sty
Package: epstopdf-base 2010/02/09 v2.5 Base part for package epstopdf

(/usr/local/texlive/2015/texmf-dist/tex/latex/oberdiek/grfext.sty
Package: grfext 2010/08/19 v1.1 Manage graphics extensions (HO)
)
Package grfext Info: Graphics extension search list:
(grfext)             [.png,.pdf,.jpg,.mps,.jpeg,.jbig2,.jb2,.PNG,.PDF,.JPG,.JPE
G,.JBIG2,.JB2,.eps]
(grfext)             \AppendGraphicsExtensions on input line 452.

(/usr/local/texlive/2015/texmf-dist/tex/latex/latexconfig/epstopdf-sys.cfg
File: epstopdf-sys.cfg 2010/07/13 v1.3 Configuration of (r)epstopdf for TeX Liv
e
))
\AtBeginShipoutBox=\box29
Package hyperref Info: Link coloring ON on input line 23.

(/usr/local/texlive/2015/texmf-dist/tex/latex/hyperref/nameref.sty
Package: nameref 2012/10/27 v2.43 Cross-referencing by name of section

(/usr/local/texlive/2015/texmf-dist/tex/generic/oberdiek/gettitlestring.sty
Package: gettitlestring 2010/12/03 v1.4 Cleanup title references (HO)
)
\c@section@level=\count120
)
LaTeX Info: Redefining \ref on input line 23.
LaTeX Info: Redefining \pageref on input line 23.
LaTeX Info: Redefining \nameref on input line 23.

(./CascadeSystem.out) (./CascadeSystem.out)
\@outlinefile=\write5
\openout5 = `CascadeSystem.out'.

 [1

{/usr/local/texlive/2015/texmf-var/fonts/map/pdftex/updmap/pdftex.map}] [2] [3]
Package epstopdf Info: Source file: <./graphics/cascadeSystem.eps>
(epstopdf)                    date: 2016-02-04 14:56:30
(epstopdf)                    size: 562190 bytes
(epstopdf)             Output file: <./graphics/cascadeSystem-eps-converted-to.
pdf>
(epstopdf)                    date: 2016-02-05 12:06:26
(epstopdf)                    size: 35425 bytes
(epstopdf)             Command: <repstopdf --outfile=./graphics/cascadeSystem-e
ps-converted-to.pdf ./graphics/cascadeSystem.eps>
(epstopdf)             \includegraphics on input line 89.
Package epstopdf Info: Output file is already uptodate.

<./graphics/cascadeSystem-eps-converted-to.pdf, id=94, 368.37625pt x 268.00125p
t>
File: ./graphics/cascadeSystem-eps-converted-to.pdf Graphic file (type pdf)
 <use ./graphics/cascadeSystem-eps-converted-to.pdf>
Package pdftex.def Info: ./graphics/cascadeSystem-eps-converted-to.pdf used on 
input line 89.
(pdftex.def)             Requested size: 241.49895pt x 175.69543pt.
Package epstopdf Info: Source file: <./graphics/T-s_Water.eps>
(epstopdf)                    date: 2016-03-01 00:49:11
(epstopdf)                    size: 662122 bytes
(epstopdf)             Output file: <./graphics/T-s_Water-eps-converted-to.pdf>

(epstopdf)                    date: 2016-03-01 00:49:11
(epstopdf)                    size: 23773 bytes
(epstopdf)             Command: <repstopdf --outfile=./graphics/T-s_Water-eps-c
onverted-to.pdf ./graphics/T-s_Water.eps>
(epstopdf)             \includegraphics on input line 98.
Package epstopdf Info: Output file is already uptodate.

<./graphics/T-s_Water-eps-converted-to.pdf, id=95, 473.77pt x 330.23375pt>
File: ./graphics/T-s_Water-eps-converted-to.pdf Graphic file (type pdf)

<use ./graphics/T-s_Water-eps-converted-to.pdf>
Package pdftex.def Info: ./graphics/T-s_Water-eps-converted-to.pdf used on inpu
t line 98.
(pdftex.def)             Requested size: 241.49895pt x 168.33131pt.
Package epstopdf Info: Source file: <./graphics/HeatTransfer_Water-SEs.eps>
(epstopdf)                    date: 2016-03-01 13:04:06
(epstopdf)                    size: 765778 bytes
(epstopdf)             Output file: <./graphics/HeatTransfer_Water-SEs-eps-conv
erted-to.pdf>
(epstopdf)                    date: 2016-03-01 14:07:34
(epstopdf)                    size: 18219 bytes
(epstopdf)             Command: <repstopdf --outfile=./graphics/HeatTransfer_Wa
ter-SEs-eps-converted-to.pdf ./graphics/HeatTransfer_Water-SEs.eps>
(epstopdf)             \includegraphics on input line 106.
Package epstopdf Info: Output file is already uptodate.

<./graphics/HeatTransfer_Water-SEs-eps-converted-to.pdf, id=96, 383.4325pt x 34
0.27126pt>
File: ./graphics/HeatTransfer_Water-SEs-eps-converted-to.pdf Graphic file (type
 pdf)
 <use ./graphics/HeatTransfer_Water-SEs-eps-converted-to.pdf>
Package pdftex.def Info: ./graphics/HeatTransfer_Water-SEs-eps-converted-to.pdf
 used on input line 106.
(pdftex.def)             Requested size: 241.49895pt x 214.3149pt.
LaTeX Font Info:    Try loading font information for OMS+cmr on input line 115.


(/usr/local/texlive/2015/texmf-dist/tex/latex/base/omscmr.fd
File: omscmr.fd 2014/09/29 v2.5h Standard LaTeX font definitions
)
LaTeX Font Info:    Font shape `OMS/cmr/m/n' in size <10> not available
(Font)              Font shape `OMS/cmsy/m/n' tried instead on input line 115.
 [4 <./graphics/cascadeSystem-eps-converted-to.pdf>] [5 <./graphics/T-s_Water-e
ps-converted-to.pdf> <./graphics/HeatTransfer_Water-SEs-eps-converted-to.pdf>]
Package epstopdf Info: Source file: <graphics/dishReceiver1.eps>
(epstopdf)                    date: 2016-03-01 09:16:45
(epstopdf)                    size: 5479194 bytes
(epstopdf)             Output file: <graphics/dishReceiver1-eps-converted-to.pd
f>
(epstopdf)                    date: 2016-03-01 09:18:39
(epstopdf)                    size: 636128 bytes
(epstopdf)             Command: <repstopdf --outfile=graphics/dishReceiver1-eps
-converted-to.pdf graphics/dishReceiver1.eps>
(epstopdf)             \includegraphics on input line 252.
Package epstopdf Info: Output file is already uptodate.

<graphics/dishReceiver1-eps-converted-to.pdf, id=149, 499.8675pt x 510.90875pt>
File: graphics/dishReceiver1-eps-converted-to.pdf Graphic file (type pdf)
<use graphics/dishReceiver1-eps-converted-to.pdf>
Package pdftex.def Info: graphics/dishReceiver1-eps-converted-to.pdf used on in
put line 252.
(pdftex.def)             Requested size: 241.49895pt x 246.83156pt.
 [6] [7 <./graphics/dishReceiver1-eps-converted-to.pdf>]
Package epstopdf Info: Source file: <./graphics/thermalLosses.eps>
(epstopdf)                    date: 2016-03-01 09:18:23
(epstopdf)                    size: 62126 bytes
(epstopdf)             Output file: <./graphics/thermalLosses-eps-converted-to.
pdf>
(epstopdf)                    date: 2016-03-01 09:18:40
(epstopdf)                    size: 16206 bytes
(epstopdf)             Command: <repstopdf --outfile=./graphics/thermalLosses-e
ps-converted-to.pdf ./graphics/thermalLosses.eps>
(epstopdf)             \includegraphics on input line 318.
Package epstopdf Info: Output file is already uptodate.

<./graphics/thermalLosses-eps-converted-to.pdf, id=183, 834.11626pt x 627.34375
pt>
File: ./graphics/thermalLosses-eps-converted-to.pdf Graphic file (type pdf)
 <use ./graphics/thermalLosses-eps-converted-to.pdf>
Package pdftex.def Info: ./graphics/thermalLosses-eps-converted-to.pdf used on 
input line 318.
(pdftex.def)             Requested size: 241.49895pt x 181.62828pt.
 [8] [9 <./graphics/thermalLosses-eps-converted-to.pdf>] [10]
Package epstopdf Info: Source file: <./graphics/troughCollector.eps>
(epstopdf)                    date: 2016-02-12 11:30:21
(epstopdf)                    size: 1471202 bytes
(epstopdf)             Output file: <./graphics/troughCollector-eps-converted-t
o.pdf>
(epstopdf)                    date: 2016-03-01 17:21:35
(epstopdf)                    size: 21705 bytes
(epstopdf)             Command: <repstopdf --outfile=./graphics/troughCollector
-eps-converted-to.pdf ./graphics/troughCollector.eps>
(epstopdf)             \includegraphics on input line 450.
Package epstopdf Info: Output file is already uptodate.

<./graphics/troughCollector-eps-converted-to.pdf, id=233, 769.87625pt x 621.321
24pt>
File: ./graphics/troughCollector-eps-converted-to.pdf Graphic file (type pdf)
 <use ./graphics/troughCollector-eps-converted-to.pdf>
Package pdftex.def Info: ./graphics/troughCollector-eps-converted-to.pdf used o
n input line 450.
(pdftex.def)             Requested size: 241.49895pt x 194.9019pt.


LaTeX Warning: Reference `sec:CTCHTHT' on page 11 undefined on input line 488.

[11 <./graphics/troughCollector-eps-converted-to.pdf>]
Package epstopdf Info: Source file: <./graphics/StirlingEngineArray.eps>
(epstopdf)                    date: 2016-03-01 14:33:13
(epstopdf)                    size: 897446 bytes
(epstopdf)             Output file: <./graphics/StirlingEngineArray-eps-convert
ed-to.pdf>
(epstopdf)                    date: 2016-03-01 14:33:20
(epstopdf)                    size: 22882 bytes
(epstopdf)             Command: <repstopdf --outfile=./graphics/StirlingEngineA
rray-eps-converted-to.pdf ./graphics/StirlingEngineArray.eps>
(epstopdf)             \includegraphics on input line 510.
Package epstopdf Info: Output file is already uptodate.

<./graphics/StirlingEngineArray-eps-converted-to.pdf, id=256, 476.78125pt x 399
.4925pt>
File: ./graphics/StirlingEngineArray-eps-converted-to.pdf Graphic file (type pd
f)
 <use ./graphics/StirlingEngineArray-eps-converted-to.pdf>
Package pdftex.def Info: ./graphics/StirlingEngineArray-eps-converted-to.pdf us
ed on input line 510.
(pdftex.def)             Requested size: 241.49895pt x 202.35474pt.
Package epstopdf Info: Source file: <./graphics/HeatTransfer_Parallel.eps>
(epstopdf)                    date: 2016-03-01 13:09:30
(epstopdf)                    size: 791222 bytes
(epstopdf)             Output file: <./graphics/HeatTransfer_Parallel-eps-conve
rted-to.pdf>
(epstopdf)                    date: 2016-03-01 14:10:10
(epstopdf)                    size: 20703 bytes
(epstopdf)             Command: <repstopdf --outfile=./graphics/HeatTransfer_Pa
rallel-eps-converted-to.pdf ./graphics/HeatTransfer_Parallel.eps>
(epstopdf)             \includegraphics on input line 521.
Package epstopdf Info: Output file is already uptodate.

<./graphics/HeatTransfer_Parallel-eps-converted-to.pdf, id=259, 383.4325pt x 34
0.27126pt>
File: ./graphics/HeatTransfer_Parallel-eps-converted-to.pdf Graphic file (type 
pdf)
 <use ./graphics/HeatTransfer_Parallel-eps-converted-to.pdf>
Package pdftex.def Info: ./graphics/HeatTransfer_Parallel-eps-converted-to.pdf 
used on input line 521.
(pdftex.def)             Requested size: 241.49895pt x 214.3149pt.
Package epstopdf Info: Source file: <./graphics/HeatTransfer_Counter.eps>
(epstopdf)                    date: 2016-03-01 13:12:18
(epstopdf)                    size: 790802 bytes
(epstopdf)             Output file: <./graphics/HeatTransfer_Counter-eps-conver
ted-to.pdf>
(epstopdf)                    date: 2016-03-01 14:12:49
(epstopdf)                    size: 20531 bytes
(epstopdf)             Command: <repstopdf --outfile=./graphics/HeatTransfer_Co
unter-eps-converted-to.pdf ./graphics/HeatTransfer_Counter.eps>
(epstopdf)             \includegraphics on input line 529.
Package epstopdf Info: Output file is already uptodate.

<./graphics/HeatTransfer_Counter-eps-converted-to.pdf, id=260, 383.4325pt x 340
.27126pt>
File: ./graphics/HeatTransfer_Counter-eps-converted-to.pdf Graphic file (type p
df)
 <use ./graphics/HeatTransfer_Counter-eps-converted-to.pdf>
Package pdftex.def Info: ./graphics/HeatTransfer_Counter-eps-converted-to.pdf u
sed on input line 529.
(pdftex.def)             Requested size: 241.49895pt x 214.3149pt.
 [12]
[13 <./graphics/StirlingEngineArray-eps-converted-to.pdf> <./graphics/HeatTrans
fer_Parallel-eps-converted-to.pdf>] [14 <./graphics/HeatTransfer_Counter-eps-co
nverted-to.pdf>]
Package epstopdf Info: Source file: <./graphics/separateSystem.eps>
(epstopdf)                    date: 2016-03-01 20:57:53
(epstopdf)                    size: 544958 bytes
(epstopdf)             Output file: <./graphics/separateSystem-eps-converted-to
.pdf>
(epstopdf)                    date: 2016-03-01 20:58:01
(epstopdf)                    size: 27371 bytes
(epstopdf)             Command: <repstopdf --outfile=./graphics/separateSystem-
eps-converted-to.pdf ./graphics/separateSystem.eps>
(epstopdf)             \includegraphics on input line 673.
Package epstopdf Info: Output file is already uptodate.

<./graphics/separateSystem-eps-converted-to.pdf, id=322, 403.5075pt x 268.00125
pt>
File: ./graphics/separateSystem-eps-converted-to.pdf Graphic file (type pdf)
 <use ./graphics/separateSystem-eps-converted-to.pdf>
Package pdftex.def Info: ./graphics/separateSystem-eps-converted-to.pdf used on
 input line 673.
(pdftex.def)             Requested size: 241.49895pt x 160.39713pt.
 [15] [16 <./graphics/separateSystem-eps-converted-to.pdf>] (./CascadeSystem.nl
s [17] [18] [19])
[20] (./CascadeSystem.bbl [21

])
Package atveryend Info: Empty hook `BeforeClearDocument' on input line 754.
 [22]
Package atveryend Info: Empty hook `AfterLastShipout' on input line 754.
 (./CascadeSystem.aux)
Package atveryend Info: Executing hook `AtVeryEndDocument' on input line 754.
Package atveryend Info: Executing hook `AtEndAfterFileList' on input line 754.
Package rerunfilecheck Info: File `CascadeSystem.out' has not changed.
(rerunfilecheck)             Checksum: E4E7A8CDC40DE23CD889C24B54096DE0;993.


LaTeX Warning: There were undefined references.

Package atveryend Info: Empty hook `AtVeryVeryEnd' on input line 754.
 ) 
Here is how much of TeX's memory you used:
 6172 strings out of 493089
 91027 string characters out of 6134842
 179208 words of memory out of 5000000
 9483 multiletter control sequences out of 15000+600000
 9369 words of font info for 34 fonts, out of 8000000 for 9000
 1141 hyphenation exceptions out of 8191
 34i,18n,28p,1447b,431s stack positions out of 5000i,500n,10000p,200000b,80000s
</usr/local/texlive/2015/texmf-dist/fonts/type1/public/amsfonts/cm/cmbx10.pfb
></usr/local/texlive/2015/texmf-dist/fonts/type1/public/amsfonts/cm/cmbx12.pfb>
</usr/local/texlive/2015/texmf-dist/fonts/type1/public/amsfonts/cm/cmex10.pfb><
/usr/local/texlive/2015/texmf-dist/fonts/type1/public/amsfonts/cm/cmmi10.pfb></
usr/local/texlive/2015/texmf-dist/fonts/type1/public/amsfonts/cm/cmmi7.pfb></us
r/local/texlive/2015/texmf-dist/fonts/type1/public/amsfonts/cm/cmr10.pfb></usr/
local/texlive/2015/texmf-dist/fonts/type1/public/amsfonts/cm/cmr17.pfb></usr/lo
cal/texlive/2015/texmf-dist/fonts/type1/public/amsfonts/cm/cmr5.pfb></usr/local
/texlive/2015/texmf-dist/fonts/type1/public/amsfonts/cm/cmr7.pfb></usr/local/te
xlive/2015/texmf-dist/fonts/type1/public/amsfonts/cm/cmsy10.pfb></usr/local/tex
live/2015/texmf-dist/fonts/type1/public/amsfonts/cm/cmsy5.pfb></usr/local/texli
ve/2015/texmf-dist/fonts/type1/public/amsfonts/cm/cmsy7.pfb></usr/local/texlive
/2015/texmf-dist/fonts/type1/public/amsfonts/cm/cmti10.pfb>
Output written on CascadeSystem.pdf (22 pages, 1016532 bytes).
PDF statistics:
 443 PDF objects out of 1000 (max. 8388607)
 355 compressed objects within 4 object streams
 80 named destinations out of 1000 (max. 500000)
 163 words of extra memory for PDF output out of 10000 (max. 10000000)

